<?xml version="1.0" encoding="UTF-8"?>
<!-- Generated by org.testng.reporters.JUnitXMLReporter -->
<testsuite ignored="0" hostname="DESKTOP-LRE1CSU" failures="1" tests="1" name="EdgeTest" time="95.767" errors="0" timestamp="2025-06-26T10:51:36 MDT">
  <testcase classname="testCases.TC001_AccountRegistrationTest" name="verifyRegistration" time="57.919">
    <failure type="java.lang.AssertionError" message="expected [Login] but found []">
      <![CDATA[java.lang.AssertionError: expected [Login] but found []
at testCases.TC001_AccountRegistrationTest.verifyRegistration(TC001_AccountRegistrationTest.java:41)
at java.base/java.util.ArrayList.forEach(ArrayList.java:1596)
at java.base/java.util.concurrent.FutureTask.run(FutureTask.java:317)
at java.base/java.util.concurrent.ThreadPoolExecutor.runWorker(ThreadPoolExecutor.java:1144)
at java.base/java.util.concurrent.ThreadPoolExecutor$Worker.run(ThreadPoolExecutor.java:642)
at java.base/java.lang.Thread.run(Thread.java:1583)
... Removed 21 stack frames]]>
    </failure>
  </testcase> <!-- verifyRegistration -->
</testsuite> <!-- EdgeTest -->
