<?xml version="1.0" encoding="UTF-8"?>
<!-- Generated by org.testng.reporters.JUnitXMLReporter -->
<testsuite ignored="0" hostname="DESKTOP-LRE1CSU" failures="1" tests="2" name="Test" time="45.284" errors="0" timestamp="2025-06-27T17:27:29 MDT">
  <testcase classname="testCases.TC001_AccountRegistrationTest" name="verifyRegistration" time="12.619">
    <failure type="java.lang.AssertionError" message="expected [Success] but found [Success!]">
      <![CDATA[java.lang.AssertionError: expected [Success] but found [Success!]
at testCases.TC001_AccountRegistrationTest.verifyRegistration(TC001_AccountRegistrationTest.java:41)
at java.base/java.util.ArrayList.forEach(ArrayList.java:1596)
... Removed 31 stack frames]]>
    </failure>
  </testcase> <!-- verifyRegistration -->
  <testcase classname="testCases.TC002_LoginTest" name="ValidLoginTest" time="2.54"/>
</testsuite> <!-- Test -->
