<?xml version="1.0" encoding="UTF-8"?>
<testng-results ignored="0" total="6" passed="6" failed="0" skipped="0">
  <reporter-output>
  </reporter-output>
  <suite started-at="2025-07-11T19:17:55 MDT" name="Suite" finished-at="2025-07-11T19:19:52 MDT" duration-ms="117079">
    <groups>
      <group name="Master">
        <method signature="TC001_AccountRegistrationTest.verifyRegistration()[pri:0, instance:testCases.TC001_AccountRegistrationTest@265adfad]" name="verifyRegistration" class="testCases.TC001_AccountRegistrationTest"/>
        <method signature="TC002_LoginTest.ValidLoginTest()[pri:0, instance:testCases.TC002_LoginTest@1e461e41]" name="ValidLoginTest" class="testCases.TC002_LoginTest"/>
        <method signature="TC001_AccountRegistrationTest.verifyRegistration()[pri:0, instance:testCases.TC001_AccountRegistrationTest@49964d75]" name="verifyRegistration" class="testCases.TC001_AccountRegistrationTest"/>
        <method signature="TC002_LoginTest.ValidLoginTest()[pri:0, instance:testCases.TC002_LoginTest@528c868]" name="ValidLoginTest" class="testCases.TC002_LoginTest"/>
        <method signature="TC001_AccountRegistrationTest.verifyRegistration()[pri:0, instance:testCases.TC001_AccountRegistrationTest@5ce8d869]" name="verifyRegistration" class="testCases.TC001_AccountRegistrationTest"/>
        <method signature="TC002_LoginTest.ValidLoginTest()[pri:0, instance:testCases.TC002_LoginTest@27eedb64]" name="ValidLoginTest" class="testCases.TC002_LoginTest"/>
      </group> <!-- Master -->
      <group name="Sanity">
        <method signature="TC002_LoginTest.ValidLoginTest()[pri:0, instance:testCases.TC002_LoginTest@1e461e41]" name="ValidLoginTest" class="testCases.TC002_LoginTest"/>
        <method signature="TC002_LoginTest.ValidLoginTest()[pri:0, instance:testCases.TC002_LoginTest@528c868]" name="ValidLoginTest" class="testCases.TC002_LoginTest"/>
        <method signature="TC002_LoginTest.ValidLoginTest()[pri:0, instance:testCases.TC002_LoginTest@27eedb64]" name="ValidLoginTest" class="testCases.TC002_LoginTest"/>
      </group> <!-- Sanity -->
      <group name="Regression">
        <method signature="TC001_AccountRegistrationTest.verifyRegistration()[pri:0, instance:testCases.TC001_AccountRegistrationTest@265adfad]" name="verifyRegistration" class="testCases.TC001_AccountRegistrationTest"/>
        <method signature="TC001_AccountRegistrationTest.verifyRegistration()[pri:0, instance:testCases.TC001_AccountRegistrationTest@49964d75]" name="verifyRegistration" class="testCases.TC001_AccountRegistrationTest"/>
        <method signature="TC001_AccountRegistrationTest.verifyRegistration()[pri:0, instance:testCases.TC001_AccountRegistrationTest@5ce8d869]" name="verifyRegistration" class="testCases.TC001_AccountRegistrationTest"/>
      </group> <!-- Regression -->
    </groups>
    <test started-at="2025-07-11T19:17:55 MDT" name="ChromeTest" finished-at="2025-07-11T19:18:34 MDT" duration-ms="39208">
      <class name="testCases.TC002_LoginTest">
        <test-method is-config="true" signature="setUP(java.lang.String,java.lang.String)[pri:0, instance:testCases.TC002_LoginTest@1e461e41]" started-at="2025-07-11T19:18:21 MDT" name="setUP" finished-at="2025-07-11T19:18:31 MDT" duration-ms="9644" status="PASS">
          <params>
            <param index="0">
              <value>
                <![CDATA[windows]]>
              </value>
            </param>
            <param index="1">
              <value>
                <![CDATA[chrome]]>
              </value>
            </param>
          </params>
          <reporter-output>
          </reporter-output>
        </test-method> <!-- setUP -->
        <test-method signature="ValidLoginTest()[pri:0, instance:testCases.TC002_LoginTest@1e461e41]" started-at="2025-07-11T19:18:31 MDT" name="ValidLoginTest" finished-at="2025-07-11T19:18:34 MDT" duration-ms="2748" status="PASS">
          <reporter-output>
          </reporter-output>
        </test-method> <!-- ValidLoginTest -->
        <test-method is-config="true" signature="tearDown()[pri:0, instance:testCases.TC002_LoginTest@1e461e41]" started-at="2025-07-11T19:18:34 MDT" name="tearDown" finished-at="2025-07-11T19:18:34 MDT" duration-ms="412" status="PASS">
          <reporter-output>
          </reporter-output>
        </test-method> <!-- tearDown -->
      </class> <!-- testCases.TC002_LoginTest -->
      <class name="testCases.TC001_AccountRegistrationTest">
        <test-method is-config="true" signature="setUP(java.lang.String,java.lang.String)[pri:0, instance:testCases.TC001_AccountRegistrationTest@265adfad]" started-at="2025-07-11T19:17:55 MDT" name="setUP" finished-at="2025-07-11T19:18:04 MDT" duration-ms="8829" status="PASS">
          <params>
            <param index="0">
              <value>
                <![CDATA[windows]]>
              </value>
            </param>
            <param index="1">
              <value>
                <![CDATA[chrome]]>
              </value>
            </param>
          </params>
          <reporter-output>
          </reporter-output>
        </test-method> <!-- setUP -->
        <test-method signature="verifyRegistration()[pri:0, instance:testCases.TC001_AccountRegistrationTest@265adfad]" started-at="2025-07-11T19:18:04 MDT" name="verifyRegistration" finished-at="2025-07-11T19:18:21 MDT" duration-ms="17180" status="PASS">
          <reporter-output>
          </reporter-output>
        </test-method> <!-- verifyRegistration -->
        <test-method is-config="true" signature="tearDown()[pri:0, instance:testCases.TC001_AccountRegistrationTest@265adfad]" started-at="2025-07-11T19:18:21 MDT" name="tearDown" finished-at="2025-07-11T19:18:21 MDT" duration-ms="330" status="PASS">
          <reporter-output>
          </reporter-output>
        </test-method> <!-- tearDown -->
      </class> <!-- testCases.TC001_AccountRegistrationTest -->
    </test> <!-- ChromeTest -->
    <test started-at="2025-07-11T19:18:34 MDT" name="FirefoxTest" finished-at="2025-07-11T19:19:15 MDT" duration-ms="41034">
      <class name="testCases.TC002_LoginTest">
        <test-method is-config="true" signature="setUP(java.lang.String,java.lang.String)[pri:0, instance:testCases.TC002_LoginTest@528c868]" started-at="2025-07-11T19:19:02 MDT" name="setUP" finished-at="2025-07-11T19:19:10 MDT" duration-ms="8266" status="PASS">
          <params>
            <param index="0">
              <value>
                <![CDATA[windows]]>
              </value>
            </param>
            <param index="1">
              <value>
                <![CDATA[firefox]]>
              </value>
            </param>
          </params>
          <reporter-output>
          </reporter-output>
        </test-method> <!-- setUP -->
        <test-method signature="ValidLoginTest()[pri:0, instance:testCases.TC002_LoginTest@528c868]" started-at="2025-07-11T19:19:10 MDT" name="ValidLoginTest" finished-at="2025-07-11T19:19:13 MDT" duration-ms="2519" status="PASS">
          <reporter-output>
          </reporter-output>
        </test-method> <!-- ValidLoginTest -->
        <test-method is-config="true" signature="tearDown()[pri:0, instance:testCases.TC002_LoginTest@528c868]" started-at="2025-07-11T19:19:13 MDT" name="tearDown" finished-at="2025-07-11T19:19:15 MDT" duration-ms="2377" status="PASS">
          <reporter-output>
          </reporter-output>
        </test-method> <!-- tearDown -->
      </class> <!-- testCases.TC002_LoginTest -->
      <class name="testCases.TC001_AccountRegistrationTest">
        <test-method is-config="true" signature="setUP(java.lang.String,java.lang.String)[pri:0, instance:testCases.TC001_AccountRegistrationTest@49964d75]" started-at="2025-07-11T19:18:34 MDT" name="setUP" finished-at="2025-07-11T19:18:45 MDT" duration-ms="11172" status="PASS">
          <params>
            <param index="0">
              <value>
                <![CDATA[windows]]>
              </value>
            </param>
            <param index="1">
              <value>
                <![CDATA[firefox]]>
              </value>
            </param>
          </params>
          <reporter-output>
          </reporter-output>
        </test-method> <!-- setUP -->
        <test-method signature="verifyRegistration()[pri:0, instance:testCases.TC001_AccountRegistrationTest@49964d75]" started-at="2025-07-11T19:18:45 MDT" name="verifyRegistration" finished-at="2025-07-11T19:18:59 MDT" duration-ms="13351" status="PASS">
          <reporter-output>
          </reporter-output>
        </test-method> <!-- verifyRegistration -->
        <test-method is-config="true" signature="tearDown()[pri:0, instance:testCases.TC001_AccountRegistrationTest@49964d75]" started-at="2025-07-11T19:18:59 MDT" name="tearDown" finished-at="2025-07-11T19:19:02 MDT" duration-ms="3337" status="PASS">
          <reporter-output>
          </reporter-output>
        </test-method> <!-- tearDown -->
      </class> <!-- testCases.TC001_AccountRegistrationTest -->
    </test> <!-- FirefoxTest -->
    <test started-at="2025-07-11T19:19:15 MDT" name="EdgeTest" finished-at="2025-07-11T19:19:52 MDT" duration-ms="36809">
      <class name="testCases.TC002_LoginTest">
        <test-method is-config="true" signature="setUP(java.lang.String,java.lang.String)[pri:0, instance:testCases.TC002_LoginTest@27eedb64]" started-at="2025-07-11T19:19:39 MDT" name="setUP" finished-at="2025-07-11T19:19:48 MDT" duration-ms="8587" status="PASS">
          <params>
            <param index="0">
              <value>
                <![CDATA[windows]]>
              </value>
            </param>
            <param index="1">
              <value>
                <![CDATA[edge]]>
              </value>
            </param>
          </params>
          <reporter-output>
          </reporter-output>
        </test-method> <!-- setUP -->
        <test-method signature="ValidLoginTest()[pri:0, instance:testCases.TC002_LoginTest@27eedb64]" started-at="2025-07-11T19:19:48 MDT" name="ValidLoginTest" finished-at="2025-07-11T19:19:51 MDT" duration-ms="3539" status="PASS">
          <reporter-output>
          </reporter-output>
        </test-method> <!-- ValidLoginTest -->
        <test-method is-config="true" signature="tearDown()[pri:0, instance:testCases.TC002_LoginTest@27eedb64]" started-at="2025-07-11T19:19:51 MDT" name="tearDown" finished-at="2025-07-11T19:19:52 MDT" duration-ms="404" status="PASS">
          <reporter-output>
          </reporter-output>
        </test-method> <!-- tearDown -->
      </class> <!-- testCases.TC002_LoginTest -->
      <class name="testCases.TC001_AccountRegistrationTest">
        <test-method is-config="true" signature="setUP(java.lang.String,java.lang.String)[pri:0, instance:testCases.TC001_AccountRegistrationTest@5ce8d869]" started-at="2025-07-11T19:19:15 MDT" name="setUP" finished-at="2025-07-11T19:19:25 MDT" duration-ms="9696" status="PASS">
          <params>
            <param index="0">
              <value>
                <![CDATA[windows]]>
              </value>
            </param>
            <param index="1">
              <value>
                <![CDATA[edge]]>
              </value>
            </param>
          </params>
          <reporter-output>
          </reporter-output>
        </test-method> <!-- setUP -->
        <test-method signature="verifyRegistration()[pri:0, instance:testCases.TC001_AccountRegistrationTest@5ce8d869]" started-at="2025-07-11T19:19:25 MDT" name="verifyRegistration" finished-at="2025-07-11T19:19:39 MDT" duration-ms="14374" status="PASS">
          <reporter-output>
          </reporter-output>
        </test-method> <!-- verifyRegistration -->
        <test-method is-config="true" signature="tearDown()[pri:0, instance:testCases.TC001_AccountRegistrationTest@5ce8d869]" started-at="2025-07-11T19:19:39 MDT" name="tearDown" finished-at="2025-07-11T19:19:39 MDT" duration-ms="201" status="PASS">
          <reporter-output>
          </reporter-output>
        </test-method> <!-- tearDown -->
      </class> <!-- testCases.TC001_AccountRegistrationTest -->
    </test> <!-- EdgeTest -->
  </suite> <!-- Suite -->
</testng-results>
