<?xml version="1.0" encoding="UTF-8"?>
<testng-results ignored="0" total="2" passed="2" failed="0" skipped="0">
  <reporter-output>
  </reporter-output>
  <suite started-at="2025-07-03T14:52:09 MDT" name="Suite" finished-at="2025-07-03T14:52:51 MDT" duration-ms="41859">
    <groups>
      <group name="Master">
        <method signature="TC001_AccountRegistrationTest.verifyRegistration()[pri:0, instance:testCases.TC001_AccountRegistrationTest@a3d9978]" name="verifyRegistration" class="testCases.TC001_AccountRegistrationTest"/>
        <method signature="TC002_LoginTest.ValidLoginTest()[pri:0, instance:testCases.TC002_LoginTest@5ba88be8]" name="ValidLoginTest" class="testCases.TC002_LoginTest"/>
      </group> <!-- Master -->
      <group name="Sanity">
        <method signature="TC002_LoginTest.ValidLoginTest()[pri:0, instance:testCases.TC002_LoginTest@5ba88be8]" name="ValidLoginTest" class="testCases.TC002_LoginTest"/>
      </group> <!-- Sanity -->
      <group name="Regression">
        <method signature="TC001_AccountRegistrationTest.verifyRegistration()[pri:0, instance:testCases.TC001_AccountRegistrationTest@a3d9978]" name="verifyRegistration" class="testCases.TC001_AccountRegistrationTest"/>
      </group> <!-- Regression -->
    </groups>
    <test started-at="2025-07-03T14:52:09 MDT" name="Test" finished-at="2025-07-03T14:52:51 MDT" duration-ms="41859">
      <class name="testCases.TC002_LoginTest">
        <test-method is-config="true" signature="setUP(java.lang.String,java.lang.String)[pri:0, instance:testCases.TC002_LoginTest@5ba88be8]" started-at="2025-07-03T14:52:36 MDT" name="setUP" finished-at="2025-07-03T14:52:46 MDT" duration-ms="10141" status="PASS">
          <params>
            <param index="0">
              <value>
                <![CDATA[windows]]>
              </value>
            </param>
            <param index="1">
              <value>
                <![CDATA[firefox]]>
              </value>
            </param>
          </params>
          <reporter-output>
          </reporter-output>
        </test-method> <!-- setUP -->
        <test-method signature="ValidLoginTest()[pri:0, instance:testCases.TC002_LoginTest@5ba88be8]" started-at="2025-07-03T14:52:46 MDT" name="ValidLoginTest" finished-at="2025-07-03T14:52:48 MDT" duration-ms="2497" status="PASS">
          <reporter-output>
          </reporter-output>
        </test-method> <!-- ValidLoginTest -->
        <test-method is-config="true" signature="tearDown()[pri:0, instance:testCases.TC002_LoginTest@5ba88be8]" started-at="2025-07-03T14:52:48 MDT" name="tearDown" finished-at="2025-07-03T14:52:51 MDT" duration-ms="2760" status="PASS">
          <reporter-output>
          </reporter-output>
        </test-method> <!-- tearDown -->
      </class> <!-- testCases.TC002_LoginTest -->
      <class name="testCases.TC001_AccountRegistrationTest">
        <test-method is-config="true" signature="setUP(java.lang.String,java.lang.String)[pri:0, instance:testCases.TC001_AccountRegistrationTest@a3d9978]" started-at="2025-07-03T14:52:09 MDT" name="setUP" finished-at="2025-07-03T14:52:20 MDT" duration-ms="10296" status="PASS">
          <params>
            <param index="0">
              <value>
                <![CDATA[windows]]>
              </value>
            </param>
            <param index="1">
              <value>
                <![CDATA[firefox]]>
              </value>
            </param>
          </params>
          <reporter-output>
          </reporter-output>
        </test-method> <!-- setUP -->
        <test-method signature="verifyRegistration()[pri:0, instance:testCases.TC001_AccountRegistrationTest@a3d9978]" started-at="2025-07-03T14:52:20 MDT" name="verifyRegistration" finished-at="2025-07-03T14:52:32 MDT" duration-ms="12696" status="PASS">
          <reporter-output>
          </reporter-output>
        </test-method> <!-- verifyRegistration -->
        <test-method is-config="true" signature="tearDown()[pri:0, instance:testCases.TC001_AccountRegistrationTest@a3d9978]" started-at="2025-07-03T14:52:32 MDT" name="tearDown" finished-at="2025-07-03T14:52:36 MDT" duration-ms="3080" status="PASS">
          <reporter-output>
          </reporter-output>
        </test-method> <!-- tearDown -->
      </class> <!-- testCases.TC001_AccountRegistrationTest -->
    </test> <!-- Test -->
  </suite> <!-- Suite -->
</testng-results>
