<?xml version="1.0" encoding="UTF-8"?>
<testng-results ignored="0" total="1" passed="1" failed="0" skipped="0">
  <reporter-output>
  </reporter-output>
  <suite started-at="2025-06-27T17:29:39 MDT" name="Failed suite [Suite]" finished-at="2025-06-27T17:30:17 MDT" duration-ms="37968">
    <groups>
      <group name="Master">
        <method signature="TC001_AccountRegistrationTest.verifyRegistration()[pri:0, instance:testCases.TC001_AccountRegistrationTest@3c9754d8]" name="verifyRegistration" class="testCases.TC001_AccountRegistrationTest"/>
      </group> <!-- Master -->
      <group name="Regression">
        <method signature="TC001_AccountRegistrationTest.verifyRegistration()[pri:0, instance:testCases.TC001_AccountRegistrationTest@3c9754d8]" name="verifyRegistration" class="testCases.TC001_AccountRegistrationTest"/>
      </group> <!-- Regression -->
    </groups>
    <test started-at="2025-06-27T17:29:39 MDT" name="Test(failed)" finished-at="2025-06-27T17:30:17 MDT" duration-ms="37968">
      <class name="testCases.TC001_AccountRegistrationTest">
        <test-method is-config="true" signature="setUP(java.lang.String,java.lang.String)[pri:0, instance:testCases.TC001_AccountRegistrationTest@3c9754d8]" started-at="2025-06-27T17:29:40 MDT" name="setUP" finished-at="2025-06-27T17:29:54 MDT" duration-ms="14069" status="PASS">
          <params>
            <param index="0">
              <value>
                <![CDATA[windows]]>
              </value>
            </param>
            <param index="1">
              <value>
                <![CDATA[firefox]]>
              </value>
            </param>
          </params>
          <reporter-output>
          </reporter-output>
        </test-method> <!-- setUP -->
        <test-method signature="verifyRegistration()[pri:0, instance:testCases.TC001_AccountRegistrationTest@3c9754d8]" started-at="2025-06-27T17:29:54 MDT" name="verifyRegistration" finished-at="2025-06-27T17:30:12 MDT" duration-ms="17783" status="PASS">
          <reporter-output>
          </reporter-output>
        </test-method> <!-- verifyRegistration -->
        <test-method is-config="true" signature="tearDown()[pri:0, instance:testCases.TC001_AccountRegistrationTest@3c9754d8]" started-at="2025-06-27T17:30:12 MDT" name="tearDown" finished-at="2025-06-27T17:30:17 MDT" duration-ms="5539" status="PASS">
          <reporter-output>
          </reporter-output>
        </test-method> <!-- tearDown -->
      </class> <!-- testCases.TC001_AccountRegistrationTest -->
    </test> <!-- Test(failed) -->
  </suite> <!-- Failed suite [Suite] -->
</testng-results>
