<?xml version="1.0" encoding="UTF-8"?>
<testng-results ignored="0" total="2" passed="2" failed="0" skipped="0">
  <reporter-output>
  </reporter-output>
  <suite started-at="2025-07-11T19:02:51 MDT" name="Suite" finished-at="2025-07-11T19:03:40 MDT" duration-ms="48645">
    <groups>
      <group name="Master">
        <method signature="TC001_AccountRegistrationTest.verifyRegistration()[pri:0, instance:testCases.TC001_AccountRegistrationTest@6e950bcf]" name="verifyRegistration" class="testCases.TC001_AccountRegistrationTest"/>
        <method signature="TC001_AccountRegistrationTest.verifyRegistration()[pri:0, instance:testCases.TC001_AccountRegistrationTest@46944ca9]" name="verifyRegistration" class="testCases.TC001_AccountRegistrationTest"/>
      </group> <!-- Master -->
      <group name="Regression">
        <method signature="TC001_AccountRegistrationTest.verifyRegistration()[pri:0, instance:testCases.TC001_AccountRegistrationTest@6e950bcf]" name="verifyRegistration" class="testCases.TC001_AccountRegistrationTest"/>
        <method signature="TC001_AccountRegistrationTest.verifyRegistration()[pri:0, instance:testCases.TC001_AccountRegistrationTest@46944ca9]" name="verifyRegistration" class="testCases.TC001_AccountRegistrationTest"/>
      </group> <!-- Regression -->
    </groups>
    <test started-at="2025-07-11T19:02:51 MDT" name="FirefoxTest" finished-at="2025-07-11T19:03:16 MDT" duration-ms="25241">
      <class name="testCases.TC001_AccountRegistrationTest">
        <test-method is-config="true" signature="setUP(java.lang.String,java.lang.String)[pri:0, instance:testCases.TC001_AccountRegistrationTest@6e950bcf]" started-at="2025-07-11T19:02:51 MDT" name="setUP" finished-at="2025-07-11T19:03:01 MDT" duration-ms="10426" status="PASS">
          <params>
            <param index="0">
              <value>
                <![CDATA[windows]]>
              </value>
            </param>
            <param index="1">
              <value>
                <![CDATA[firefox]]>
              </value>
            </param>
          </params>
          <reporter-output>
          </reporter-output>
        </test-method> <!-- setUP -->
        <test-method signature="verifyRegistration()[pri:0, instance:testCases.TC001_AccountRegistrationTest@6e950bcf]" started-at="2025-07-11T19:03:01 MDT" name="verifyRegistration" finished-at="2025-07-11T19:03:14 MDT" duration-ms="12682" status="PASS">
          <reporter-output>
          </reporter-output>
        </test-method> <!-- verifyRegistration -->
        <test-method is-config="true" signature="tearDown()[pri:0, instance:testCases.TC001_AccountRegistrationTest@6e950bcf]" started-at="2025-07-11T19:03:14 MDT" name="tearDown" finished-at="2025-07-11T19:03:16 MDT" duration-ms="2066" status="PASS">
          <reporter-output>
          </reporter-output>
        </test-method> <!-- tearDown -->
      </class> <!-- testCases.TC001_AccountRegistrationTest -->
    </test> <!-- FirefoxTest -->
    <test started-at="2025-07-11T19:03:16 MDT" name="EdgeTest" finished-at="2025-07-11T19:03:40 MDT" duration-ms="23384">
      <class name="testCases.TC001_AccountRegistrationTest">
        <test-method is-config="true" signature="setUP(java.lang.String,java.lang.String)[pri:0, instance:testCases.TC001_AccountRegistrationTest@46944ca9]" started-at="2025-07-11T19:03:16 MDT" name="setUP" finished-at="2025-07-11T19:03:24 MDT" duration-ms="7993" status="PASS">
          <params>
            <param index="0">
              <value>
                <![CDATA[windows]]>
              </value>
            </param>
            <param index="1">
              <value>
                <![CDATA[edge]]>
              </value>
            </param>
          </params>
          <reporter-output>
          </reporter-output>
        </test-method> <!-- setUP -->
        <test-method signature="verifyRegistration()[pri:0, instance:testCases.TC001_AccountRegistrationTest@46944ca9]" started-at="2025-07-11T19:03:24 MDT" name="verifyRegistration" finished-at="2025-07-11T19:03:39 MDT" duration-ms="14764" status="PASS">
          <reporter-output>
          </reporter-output>
        </test-method> <!-- verifyRegistration -->
        <test-method is-config="true" signature="tearDown()[pri:0, instance:testCases.TC001_AccountRegistrationTest@46944ca9]" started-at="2025-07-11T19:03:39 MDT" name="tearDown" finished-at="2025-07-11T19:03:40 MDT" duration-ms="620" status="PASS">
          <reporter-output>
          </reporter-output>
        </test-method> <!-- tearDown -->
      </class> <!-- testCases.TC001_AccountRegistrationTest -->
    </test> <!-- EdgeTest -->
  </suite> <!-- Suite -->
</testng-results>
